# JRE version: OpenJDK Runtime Environment Temurin-17.0.15+6 (17.0.15+6) (build 17.0.15+6)
# Java VM: OpenJDK 64-Bit Server VM Temurin-17.0.15+6 (17.0.15+6, mixed mode, sharing, tiered, compressed oops, compressed class ptrs, g1 gc, windows-amd64)
GC Precious Log:
 CPUs: 8 total, 8 available
 Memory: 7103M
 Large Page Support: Disabled
 NUMA Support: Disabled
 Compressed Oops: Enabled (Zero based)
 Heap Region Size: 4M
 Heap Min Capacity: 8M
 Heap Initial Capacity: 112M
 Heap Max Capacity: 8G
 Pre-touch: Disabled
 Parallel Workers: 8
 Concurrent Workers: 2
 Concurrent Refinement Workers: 8
 Periodic GC: Disabled
Heap:
 garbage-first heap   total 139264K, used 91892K [0x0000000600000000, 0x0000000800000000)
  region size 4096K, 6 young (24576K), 1 survivors (4096K)
 Metaspace       used 69387K, committed 70208K, reserved 1114112K
  class space    used 9848K, committed 10240K, reserved 1048576K
GC Heap History (20 events):
Event: 17.513 GC heap before
{Heap before GC invocations=18 (full 0):
 garbage-first heap   total 110592K, used 82000K [0x0000000600000000, 0x0000000800000000)
  region size 4096K, 10 young (40960K), 2 survivors (8192K)
 Metaspace       used 53614K, committed 54336K, reserved 1114112K
  class space    used 7602K, committed 7936K, reserved 1048576K
}
Event: 17.520 GC heap after
{Heap after GC invocations=19 (full 0):
 garbage-first heap   total 110592K, used 50646K [0x0000000600000000, 0x0000000800000000)
  region size 4096K, 2 young (8192K), 2 survivors (8192K)
 Metaspace       used 53614K, committed 54336K, reserved 1114112K
  class space    used 7602K, committed 7936K, reserved 1048576K
}
Event: 17.763 GC heap before
{Heap before GC invocations=19 (full 0):
 garbage-first heap   total 110592K, used 54742K [0x0000000600000000, 0x0000000800000000)
  region size 4096K, 5 young (20480K), 2 survivors (8192K)
 Metaspace       used 54052K, committed 54784K, reserved 1114112K
  class space    used 7670K, committed 8000K, reserved 1048576K
}
Event: 17.768 GC heap after
{Heap after GC invocations=20 (full 0):
 garbage-first heap   total 110592K, used 54168K [0x0000000600000000, 0x0000000800000000)
  region size 4096K, 2 young (8192K), 2 survivors (8192K)
 Metaspace       used 54052K, committed 54784K, reserved 1114112K
  class space    used 7670K, committed 8000K, reserved 1048576K
}
Event: 18.676 GC heap before
{Heap before GC invocations=20 (full 0):
 garbage-first heap   total 110592K, used 82840K [0x0000000600000000, 0x0000000800000000)
  region size 4096K, 9 young (36864K), 2 survivors (8192K)
 Metaspace       used 56894K, committed 57600K, reserved 1114112K
  class space    used 8054K, committed 8384K, reserved 1048576K
}
Event: 18.679 GC heap after
{Heap after GC invocations=21 (full 0):
 garbage-first heap   total 110592K, used 59518K [0x0000000600000000, 0x0000000800000000)
  region size 4096K, 2 young (8192K), 2 survivors (8192K)
 Metaspace       used 56894K, committed 57600K, reserved 1114112K
  class space    used 8054K, committed 8384K, reserved 1048576K
}
Event: 19.233 GC heap before
{Heap before GC invocations=21 (full 0):
 garbage-first heap   total 110592K, used 79998K [0x0000000600000000, 0x0000000800000000)
  region size 4096K, 8 young (32768K), 2 survivors (8192K)
 Metaspace       used 59419K, committed 60096K, reserved 1114112K
  class space    used 8376K, committed 8704K, reserved 1048576K
}
Event: 19.239 GC heap after
{Heap after GC invocations=22 (full 0):
 garbage-first heap   total 110592K, used 60592K [0x0000000600000000, 0x0000000800000000)
  region size 4096K, 1 young (4096K), 1 survivors (4096K)
 Metaspace       used 59419K, committed 60096K, reserved 1114112K
  class space    used 8376K, committed 8704K, reserved 1048576K
}
Event: 20.350 GC heap before
{Heap before GC invocations=23 (full 0):
 garbage-first heap   total 118784K, used 85168K [0x0000000600000000, 0x0000000800000000)
  region size 4096K, 7 young (28672K), 1 survivors (4096K)
 Metaspace       used 61160K, committed 61824K, reserved 1114112K
  class space    used 8633K, committed 8960K, reserved 1048576K
}
Event: 20.354 GC heap after
{Heap after GC invocations=24 (full 0):
 garbage-first heap   total 118784K, used 61712K [0x0000000600000000, 0x0000000800000000)
  region size 4096K, 1 young (4096K), 1 survivors (4096K)
 Metaspace       used 61160K, committed 61824K, reserved 1114112K
  class space    used 8633K, committed 8960K, reserved 1048576K
}
Event: 20.890 GC heap before
{Heap before GC invocations=24 (full 0):
 garbage-first heap   total 118784K, used 78096K [0x0000000600000000, 0x0000000800000000)
  region size 4096K, 7 young (28672K), 1 survivors (4096K)
 Metaspace       used 62519K, committed 63232K, reserved 1114112K
  class space    used 8813K, committed 9152K, reserved 1048576K
}
Event: 20.894 GC heap after
{Heap after GC invocations=25 (full 0):
 garbage-first heap   total 118784K, used 62408K [0x0000000600000000, 0x0000000800000000)
  region size 4096K, 1 young (4096K), 1 survivors (4096K)
 Metaspace       used 62519K, committed 63232K, reserved 1114112K
  class space    used 8813K, committed 9152K, reserved 1048576K
}
Event: 21.813 GC heap before
{Heap before GC invocations=26 (full 0):
 garbage-first heap   total 122880K, used 95176K [0x0000000600000000, 0x0000000800000000)
  region size 4096K, 9 young (36864K), 1 survivors (4096K)
 Metaspace       used 64398K, committed 65088K, reserved 1114112K
  class space    used 9095K, committed 9408K, reserved 1048576K
}
Event: 21.820 GC heap after
{Heap after GC invocations=27 (full 0):
 garbage-first heap   total 122880K, used 67809K [0x0000000600000000, 0x0000000800000000)
  region size 4096K, 2 young (8192K), 2 survivors (8192K)
 Metaspace       used 64398K, committed 65088K, reserved 1114112K
  class space    used 9095K, committed 9408K, reserved 1048576K
}
Event: 22.880 GC heap before
{Heap before GC invocations=27 (full 0):
 garbage-first heap   total 122880K, used 92385K [0x0000000600000000, 0x0000000800000000)
  region size 4096K, 9 young (36864K), 2 survivors (8192K)
 Metaspace       used 65376K, committed 66048K, reserved 1114112K
  class space    used 9235K, committed 9536K, reserved 1048576K
}
Event: 22.890 GC heap after
{Heap after GC invocations=28 (full 0):
 garbage-first heap   total 122880K, used 71364K [0x0000000600000000, 0x0000000800000000)
  region size 4096K, 2 young (8192K), 2 survivors (8192K)
 Metaspace       used 65376K, committed 66048K, reserved 1114112K
  class space    used 9235K, committed 9536K, reserved 1048576K
}
Event: 23.873 GC heap before
{Heap before GC invocations=29 (full 0):
 garbage-first heap   total 131072K, used 95940K [0x0000000600000000, 0x0000000800000000)
  region size 4096K, 8 young (32768K), 2 survivors (8192K)
 Metaspace       used 66962K, committed 67648K, reserved 1114112K
  class space    used 9456K, committed 9792K, reserved 1048576K
}
Event: 23.885 GC heap after
{Heap after GC invocations=30 (full 0):
 garbage-first heap   total 131072K, used 73280K [0x0000000600000000, 0x0000000800000000)
  region size 4096K, 1 young (4096K), 1 survivors (4096K)
 Metaspace       used 66962K, committed 67648K, reserved 1114112K
  class space    used 9456K, committed 9792K, reserved 1048576K
}
Event: 24.768 GC heap before
{Heap before GC invocations=30 (full 0):
 garbage-first heap   total 131072K, used 101952K [0x0000000600000000, 0x0000000800000000)
  region size 4096K, 8 young (32768K), 1 survivors (4096K)
 Metaspace       used 67963K, committed 68672K, reserved 1114112K
  class space    used 9595K, committed 9920K, reserved 1048576K
}
Event: 24.777 GC heap after
{Heap after GC invocations=31 (full 0):
 garbage-first heap   total 131072K, used 75508K [0x0000000600000000, 0x0000000800000000)
  region size 4096K, 1 young (4096K), 1 survivors (4096K)
 Metaspace       used 67963K, committed 68672K, reserved 1114112K
  class space    used 9595K, committed 9920K, reserved 1048576K
}

