# JRE version: OpenJDK Runtime Environment Temurin-21.0.10+7 (21.0.10+7) (build 21.0.10+7-LTS)
# Java VM: OpenJDK 64-Bit Server VM Temurin-21.0.10+7 (21.0.10+7-LTS, mixed mode, sharing, tiered, compressed oops, compressed class ptrs, g1 gc, windows-amd64)
GC Precious Log:
 CardTable entry size: 512
 Card Set container configuration: InlinePtr #cards 4 size 8 Array Of Cards #cards 32 size 80 Howl #buckets 8 coarsen threshold 7372 Howl Bitmap #cards 1024 size 144 coarsen threshold 921 Card regions per heap region 1 cards per card region 8192
 CPUs: 8 total, 8 available
 Memory: 7103M
 Large Page Support: Disabled
 NUMA Support: Disabled
 Compressed Oops: Enabled (Zero based)
 Heap Region Size: 4M
 Heap Min Capacity: 8M
 Heap Initial Capacity: 112M
 Heap Max Capacity: 8G
 Pre-touch: Disabled
 Parallel Workers: 8
 Concurrent Workers: 2
 Concurrent Refinement Workers: 8
 Periodic GC: Disabled
Heap:
 garbage-first heap   total 180224K, used 132151K [0x0000000600000000, 0x0000000800000000)
  region size 4096K, 10 young (40960K), 1 survivors (4096K)
 Metaspace       used 88588K, committed 90816K, reserved 1179648K
  class space    used 13155K, committed 14272K, reserved 1048576K
GC Heap History (20 events):
Event: 21.863 GC heap before
{Heap before GC invocations=17 (full 0):
 garbage-first heap   total 131072K, used 114866K [0x0000000600000000, 0x0000000800000000)
  region size 4096K, 14 young (57344K), 1 survivors (4096K)
 Metaspace       used 64825K, committed 66752K, reserved 1114112K
  class space    used 9544K, committed 10496K, reserved 1048576K
}
Event: 21.870 GC heap after
{Heap after GC invocations=18 (full 0):
 garbage-first heap   total 131072K, used 65825K [0x0000000600000000, 0x0000000800000000)
  region size 4096K, 2 young (8192K), 2 survivors (8192K)
 Metaspace       used 64825K, committed 66752K, reserved 1114112K
  class space    used 9544K, committed 10496K, reserved 1048576K
}
Event: 23.454 GC heap before
{Heap before GC invocations=19 (full 0):
 garbage-first heap   total 131072K, used 114977K [0x0000000600000000, 0x0000000800000000)
  region size 4096K, 14 young (57344K), 2 survivors (8192K)
 Metaspace       used 68534K, committed 70464K, reserved 1114112K
  class space    used 10116K, committed 11072K, reserved 1048576K
}
Event: 23.470 GC heap after
{Heap after GC invocations=20 (full 0):
 garbage-first heap   total 131072K, used 69182K [0x0000000600000000, 0x0000000800000000)
  region size 4096K, 1 young (4096K), 1 survivors (4096K)
 Metaspace       used 68534K, committed 70464K, reserved 1114112K
  class space    used 10116K, committed 11072K, reserved 1048576K
}
Event: 25.503 GC heap before
{Heap before GC invocations=20 (full 0):
 garbage-first heap   total 131072K, used 118334K [0x0000000600000000, 0x0000000800000000)
  region size 4096K, 13 young (53248K), 1 survivors (4096K)
 Metaspace       used 72146K, committed 74112K, reserved 1114112K
  class space    used 10677K, committed 11648K, reserved 1048576K
}
Event: 25.518 GC heap after
{Heap after GC invocations=21 (full 0):
 garbage-first heap   total 131072K, used 73063K [0x0000000600000000, 0x0000000800000000)
  region size 4096K, 2 young (8192K), 2 survivors (8192K)
 Metaspace       used 72146K, committed 74112K, reserved 1114112K
  class space    used 10677K, committed 11648K, reserved 1048576K
}
Event: 68.398 GC heap before
{Heap before GC invocations=21 (full 0):
 garbage-first heap   total 131072K, used 114023K [0x0000000600000000, 0x0000000800000000)
  region size 4096K, 12 young (49152K), 2 survivors (8192K)
 Metaspace       used 75796K, committed 77888K, reserved 1179648K
  class space    used 11159K, committed 12160K, reserved 1048576K
}
Event: 68.410 GC heap after
{Heap after GC invocations=22 (full 0):
 garbage-first heap   total 131072K, used 78426K [0x0000000600000000, 0x0000000800000000)
  region size 4096K, 2 young (8192K), 2 survivors (8192K)
 Metaspace       used 75796K, committed 77888K, reserved 1179648K
  class space    used 11159K, committed 12160K, reserved 1048576K
}
Event: 69.132 GC heap before
{Heap before GC invocations=23 (full 0):
 garbage-first heap   total 139264K, used 115290K [0x0000000600000000, 0x0000000800000000)
  region size 4096K, 11 young (45056K), 2 survivors (8192K)
 Metaspace       used 76069K, committed 78272K, reserved 1179648K
  class space    used 11171K, committed 12288K, reserved 1048576K
}
Event: 69.143 GC heap after
{Heap after GC invocations=24 (full 0):
 garbage-first heap   total 139264K, used 81457K [0x0000000600000000, 0x0000000800000000)
  region size 4096K, 2 young (8192K), 2 survivors (8192K)
 Metaspace       used 76069K, committed 78272K, reserved 1179648K
  class space    used 11171K, committed 12288K, reserved 1048576K
}
Event: 70.308 GC heap before
{Heap before GC invocations=24 (full 0):
 garbage-first heap   total 139264K, used 118321K [0x0000000600000000, 0x0000000800000000)
  region size 4096K, 12 young (49152K), 2 survivors (8192K)
 Metaspace       used 76157K, committed 78336K, reserved 1179648K
  class space    used 11173K, committed 12288K, reserved 1048576K
}
Event: 70.325 GC heap after
{Heap after GC invocations=25 (full 0):
 garbage-first heap   total 139264K, used 81011K [0x0000000600000000, 0x0000000800000000)
  region size 4096K, 2 young (8192K), 2 survivors (8192K)
 Metaspace       used 76157K, committed 78336K, reserved 1179648K
  class space    used 11173K, committed 12288K, reserved 1048576K
}
Event: 71.383 GC heap before
{Heap before GC invocations=25 (full 0):
 garbage-first heap   total 139264K, used 121971K [0x0000000600000000, 0x0000000800000000)
  region size 4096K, 12 young (49152K), 2 survivors (8192K)
 Metaspace       used 76165K, committed 78336K, reserved 1179648K
  class space    used 11173K, committed 12288K, reserved 1048576K
}
Event: 71.394 GC heap after
{Heap after GC invocations=26 (full 0):
 garbage-first heap   total 167936K, used 82464K [0x0000000600000000, 0x0000000800000000)
  region size 4096K, 2 young (8192K), 2 survivors (8192K)
 Metaspace       used 76165K, committed 78336K, reserved 1179648K
  class space    used 11173K, committed 12288K, reserved 1048576K
}
Event: 73.405 GC heap before
{Heap before GC invocations=27 (full 0):
 garbage-first heap   total 167936K, used 143904K [0x0000000600000000, 0x0000000800000000)
  region size 4096K, 18 young (73728K), 2 survivors (8192K)
 Metaspace       used 76293K, committed 78464K, reserved 1179648K
  class space    used 11187K, committed 12288K, reserved 1048576K
}
Event: 73.413 GC heap after
{Heap after GC invocations=28 (full 0):
 garbage-first heap   total 167936K, used 85122K [0x0000000600000000, 0x0000000800000000)
  region size 4096K, 2 young (8192K), 2 survivors (8192K)
 Metaspace       used 76293K, committed 78464K, reserved 1179648K
  class space    used 11187K, committed 12288K, reserved 1048576K
}
Event: 82.286 GC heap before
{Heap before GC invocations=28 (full 0):
 garbage-first heap   total 167936K, used 146562K [0x0000000600000000, 0x0000000800000000)
  region size 4096K, 18 young (73728K), 2 survivors (8192K)
 Metaspace       used 82028K, committed 84160K, reserved 1179648K
  class space    used 12376K, committed 13440K, reserved 1048576K
}
Event: 82.299 GC heap after
{Heap after GC invocations=29 (full 0):
 garbage-first heap   total 180224K, used 99983K [0x0000000600000000, 0x0000000800000000)
  region size 4096K, 3 young (12288K), 3 survivors (12288K)
 Metaspace       used 82028K, committed 84160K, reserved 1179648K
  class space    used 12376K, committed 13440K, reserved 1048576K
}
Event: 83.178 GC heap before
{Heap before GC invocations=29 (full 0):
 garbage-first heap   total 180224K, used 153231K [0x0000000600000000, 0x0000000800000000)
  region size 4096K, 16 young (65536K), 3 survivors (12288K)
 Metaspace       used 86520K, committed 88768K, reserved 1179648K
  class space    used 12889K, committed 14016K, reserved 1048576K
}
Event: 83.187 GC heap after
{Heap after GC invocations=30 (full 0):
 garbage-first heap   total 180224K, used 103479K [0x0000000600000000, 0x0000000800000000)
  region size 4096K, 1 young (4096K), 1 survivors (4096K)
 Metaspace       used 86520K, committed 88768K, reserved 1179648K
  class space    used 12889K, committed 14016K, reserved 1048576K
}

